<?xml version="1.0" encoding="UTF-8"?>
<testsuite name="Domain.Validator.ValidatorTest" tests="1" skipped="0" failures="0" errors="0" timestamp="2020-03-27T16:32:58" hostname="Razvan-Laptop" time="0.003">
  <properties/>
  <testcase name="validate" classname="Domain.Validator.ValidatorTest" time="0.003"/>
  <system-out><![CDATA[]]></system-out>
  <system-err><![CDATA[]]></system-err>
</testsuite>
