<?xml version="1.0" encoding="UTF-8"?>
<testsuite name="Repository.DonatiiRepoTest" tests="3" skipped="0" failures="0" errors="0" timestamp="2020-03-22T19:58:01" hostname="Razvan-Laptop" time="0.001">
  <properties/>
  <testcase name="findByNameAddressPhone" classname="Repository.DonatiiRepoTest" time="0.0"/>
  <testcase name="findOne" classname="Repository.DonatiiRepoTest" time="0.001"/>
  <testcase name="findByName" classname="Repository.DonatiiRepoTest" time="0.0"/>
  <system-out><![CDATA[21:58:01.867 [Test worker] ERROR Repository.DonatiiRepo - Nu s-a gasit donatorul cu datele razvan2adr20740538816
21:58:01.868 [Test worker] ERROR Repository.DonatiiRepo - Nu s-a gasit donatorul cu datele razvan3adr30560538816
21:58:01.868 [Test worker] ERROR Repository.DonatiiRepo - Nu s-a gasit donatorul cu datele razvan4adr40760538816
]]></system-out>
  <system-err><![CDATA[]]></system-err>
</testsuite>
