<?xml version="1.0" encoding="UTF-8"?>
<testsuite name="Repository.UsersRepoTest" tests="2" skipped="0" failures="0" errors="0" timestamp="2020-03-27T16:32:59" hostname="Razvan-Laptop" time="0.001">
  <properties/>
  <testcase name="findOne" classname="Repository.UsersRepoTest" time="0.001"/>
  <testcase name="findByName" classname="Repository.UsersRepoTest" time="0.0"/>
  <system-out><![CDATA[18:32:59.082 [Test worker] INFO  Repository.UsersRepo Line number : 38 - Nu s-a gasit user pt numele razvan2
18:32:59.083 [Test worker] INFO  Repository.UsersRepo Line number : 38 - Nu s-a gasit user pt numele radu2
18:32:59.084 [Test worker] INFO  Repository.UsersRepo Line number : 38 - Nu s-a gasit user pt numele iulius2
]]></system-out>
  <system-err><![CDATA[]]></system-err>
</testsuite>
