<?xml version="1.0" encoding="UTF-8"?>
<testsuite name="Repository.DonatiiRepoTest" tests="4" skipped="0" failures="0" errors="0" timestamp="2020-03-27T16:32:59" hostname="Razvan-Laptop" time="0.002">
  <properties/>
  <testcase name="findByNameAddressPhone" classname="Repository.DonatiiRepoTest" time="0.0"/>
  <testcase name="findOne" classname="Repository.DonatiiRepoTest" time="0.001"/>
  <testcase name="findByName" classname="Repository.DonatiiRepoTest" time="0.0"/>
  <testcase name="searchByPartialName" classname="Repository.DonatiiRepoTest" time="0.0"/>
  <system-out><![CDATA[18:32:59.070 [Test worker] ERROR Repository.DonatiiRepo Line number : 42 - Nu s-a gasit donatorul cu datele razvan 2adr20740538816
18:32:59.072 [Test worker] ERROR Repository.DonatiiRepo Line number : 42 - Nu s-a gasit donatorul cu datele razvan 3adr30560538816
18:32:59.072 [Test worker] ERROR Repository.DonatiiRepo Line number : 42 - Nu s-a gasit donatorul cu datele razvan 4adr40760538816
]]></system-out>
  <system-err><![CDATA[]]></system-err>
</testsuite>
